app/build/intermediates/manifest_merge_blame_file/release/manifest-merger-blame-release-report.txt
1<?xml version="1.0" encoding="utf-8"?>
2<manifest xmlns:android="http://schemas.android.com/apk/res/android"
3    package="com.example.faithandroid"
4    android:versionCode="1"
5    android:versionName="1.0" >
6
7    <uses-sdk
8        android:minSdkVersion="19"
8-->src\main\AndroidManifest.xml
9        android:targetSdkVersion="30" />
9-->src\main\AndroidManifest.xml
10
11    <uses-permission android:name="android.permission.INTERNET" />
11-->src\main\AndroidManifest.xml:5:5-67
11-->src\main\AndroidManifest.xml:5:22-64
12
13    <application
13-->src\main\AndroidManifest.xml:7:5-24:19
14        android:name="androidx.multidex.MultiDexApplication"
15        android:allowBackup="true"
15-->src\main\AndroidManifest.xml:8:9-35
16        android:appComponentFactory="androidx.core.app.CoreComponentFactory"
16-->[androidx.core:core:1.3.1] AndroidManifest.xml:24:18-86
17        android:icon="@mipmap/ic_launcher"
17-->src\main\AndroidManifest.xml:9:9-43
18        android:label="@string/app_name"
18-->src\main\AndroidManifest.xml:10:9-41
19        android:roundIcon="@mipmap/ic_launcher_round"
19-->src\main\AndroidManifest.xml:11:9-54
20        android:supportsRtl="true"
20-->src\main\AndroidManifest.xml:12:9-35
21        android:theme="@style/AppTheme" >
21-->src\main\AndroidManifest.xml:13:9-40
22        <activity android:name="com.example.faithandroid.PopupWindow" />
22-->src\main\AndroidManifest.xml:14:9-58
22-->src\main\AndroidManifest.xml:14:19-46
23        <activity android:name="com.example.faithandroid.MainActivity" >
23-->src\main\AndroidManifest.xml:16:9-23:20
23-->src\main\AndroidManifest.xml:16:19-47
24            <intent-filter>
24-->src\main\AndroidManifest.xml:18:13-22:29
25                <action android:name="android.intent.action.MAIN" />
25-->src\main\AndroidManifest.xml:19:17-69
25-->src\main\AndroidManifest.xml:19:25-66
26
27                <category android:name="android.intent.category.LAUNCHER" />
27-->src\main\AndroidManifest.xml:21:17-77
27-->src\main\AndroidManifest.xml:21:27-74
28            </intent-filter>
29        </activity>
30
31        <provider
31-->[androidx.lifecycle:lifecycle-process:2.1.0] AndroidManifest.xml:23:9-27:43
32            android:name="androidx.lifecycle.ProcessLifecycleOwnerInitializer"
32-->[androidx.lifecycle:lifecycle-process:2.1.0] AndroidManifest.xml:24:13-79
33            android:authorities="com.example.faithandroid.lifecycle-process"
33-->[androidx.lifecycle:lifecycle-process:2.1.0] AndroidManifest.xml:25:13-69
34            android:exported="false"
34-->[androidx.lifecycle:lifecycle-process:2.1.0] AndroidManifest.xml:26:13-37
35            android:multiprocess="true" />
35-->[androidx.lifecycle:lifecycle-process:2.1.0] AndroidManifest.xml:27:13-40
36    </application>
37
38</manifest>